<?xml version="1.0" encoding="UTF-8"?>
<coverage generated="1775395963086" clover="3.2.0">
  <project timestamp="1775395963086" name="All files">
    <metrics statements="12" coveredstatements="8" conditionals="10" coveredconditionals="8" methods="3" coveredmethods="1" elements="25" coveredelements="17" complexity="0" loc="12" ncloc="12" packages="1" files="1" classes="1"/>
    <file name="examples.js" path="D:\01 - Demo\00 - Test Unitaire\NombreCyclomatique\Exemple1\examples.js">
      <metrics statements="12" coveredstatements="8" conditionals="10" coveredconditionals="8" methods="3" coveredmethods="1"/>
      <line num="2" count="0" type="stmt"/>
      <line num="6" count="0" type="cond" truecount="0" falsecount="2"/>
      <line num="7" count="0" type="stmt"/>
      <line num="9" count="0" type="stmt"/>
      <line num="14" count="6" type="cond" truecount="2" falsecount="0"/>
      <line num="15" count="2" type="cond" truecount="2" falsecount="0"/>
      <line num="16" count="4" type="cond" truecount="2" falsecount="0"/>
      <line num="17" count="1" type="stmt"/>
      <line num="20" count="6" type="stmt"/>
      <line num="21" count="18" type="cond" truecount="2" falsecount="0"/>
      <line num="24" count="6" type="stmt"/>
      <line num="27" count="1" type="stmt"/>
    </file>
  </project>
</coverage>
