{"total": {"lines":{"total":12,"covered":8,"skipped":0,"pct":66.66},"statements":{"total":15,"covered":11,"skipped":0,"pct":73.33},"functions":{"total":3,"covered":1,"skipped":0,"pct":33.33},"branches":{"total":10,"covered":8,"skipped":0,"pct":80},"branchesTrue":{"total":0,"covered":0,"skipped":0,"pct":"Unknown"}}
,"/home/runner/work/cyclomatic-cfg-demo/cyclomatic-cfg-demo/examples.js": {"lines":{"total":12,"covered":8,"skipped":0,"pct":66.66},"functions":{"total":3,"covered":1,"skipped":0,"pct":33.33},"statements":{"total":15,"covered":11,"skipped":0,"pct":73.33},"branches":{"total":10,"covered":8,"skipped":0,"pct":80}}
}
