{"total": {"lines":{"total":101,"covered":29,"skipped":0,"pct":28.71},"statements":{"total":111,"covered":33,"skipped":0,"pct":29.72},"functions":{"total":12,"covered":5,"skipped":0,"pct":41.66},"branches":{"total":45,"covered":18,"skipped":0,"pct":40},"branchesTrue":{"total":0,"covered":0,"skipped":0,"pct":"Unknown"}}
,"D:\\01 - Demo\\00 - Test Unitaire\\NombreCyclomatique\\Exemple1\\analyzer.js": {"lines":{"total":89,"covered":17,"skipped":0,"pct":19.1},"functions":{"total":9,"covered":2,"skipped":0,"pct":22.22},"statements":{"total":96,"covered":18,"skipped":0,"pct":18.75},"branches":{"total":35,"covered":8,"skipped":0,"pct":22.85}}
,"D:\\01 - Demo\\00 - Test Unitaire\\NombreCyclomatique\\Exemple1\\examples.js": {"lines":{"total":12,"covered":12,"skipped":0,"pct":100},"functions":{"total":3,"covered":3,"skipped":0,"pct":100},"statements":{"total":15,"covered":15,"skipped":0,"pct":100},"branches":{"total":10,"covered":10,"skipped":0,"pct":100}}
}
