{"D:\\01 - Demo\\00 - Test Unitaire\\NombreCyclomatique\\Exemple1\\examples.js": {"path":"D:\\01 - Demo\\00 - Test Unitaire\\NombreCyclomatique\\Exemple1\\examples.js","statementMap":{"0":{"start":{"line":2,"column":4},"end":{"line":2,"column":17}},"1":{"start":{"line":6,"column":4},"end":{"line":10,"column":5}},"2":{"start":{"line":7,"column":8},"end":{"line":7,"column":17}},"3":{"start":{"line":9,"column":8},"end":{"line":9,"column":17}},"4":{"start":{"line":14,"column":4},"end":{"line":18,"column":5}},"5":{"start":{"line":15,"column":8},"end":{"line":15,"column":34}},"6":{"start":{"line":15,"column":19},"end":{"line":15,"column":34}},"7":{"start":{"line":16,"column":11},"end":{"line":18,"column":5}},"8":{"start":{"line":17,"column":8},"end":{"line":17,"column":23}},"9":{"start":{"line":20,"column":4},"end":{"line":22,"column":5}},"10":{"start":{"line":20,"column":17},"end":{"line":20,"column":18}},"11":{"start":{"line":21,"column":8},"end":{"line":21,"column":40}},"12":{"start":{"line":21,"column":25},"end":{"line":21,"column":40}},"13":{"start":{"line":24,"column":4},"end":{"line":24,"column":13}},"14":{"start":{"line":27,"column":0},"end":{"line":27,"column":45}}},"fnMap":{"0":{"name":"simple","decl":{"start":{"line":1,"column":9},"end":{"line":1,"column":15}},"loc":{"start":{"line":1,"column":19},"end":{"line":3,"column":1}},"line":1},"1":{"name":"medium","decl":{"start":{"line":5,"column":9},"end":{"line":5,"column":15}},"loc":{"start":{"line":5,"column":22},"end":{"line":11,"column":1}},"line":5},"2":{"name":"complex","decl":{"start":{"line":13,"column":9},"end":{"line":13,"column":16}},"loc":{"start":{"line":13,"column":26},"end":{"line":25,"column":1}},"line":13}},"branchMap":{"0":{"loc":{"start":{"line":6,"column":4},"end":{"line":10,"column":5}},"type":"if","locations":[{"start":{"line":6,"column":4},"end":{"line":10,"column":5}},{"start":{"line":8,"column":11},"end":{"line":10,"column":5}}],"line":6},"1":{"loc":{"start":{"line":14,"column":4},"end":{"line":18,"column":5}},"type":"if","locations":[{"start":{"line":14,"column":4},"end":{"line":18,"column":5}},{"start":{"line":16,"column":11},"end":{"line":18,"column":5}}],"line":14},"2":{"loc":{"start":{"line":15,"column":8},"end":{"line":15,"column":34}},"type":"if","locations":[{"start":{"line":15,"column":8},"end":{"line":15,"column":34}},{"start":{},"end":{}}],"line":15},"3":{"loc":{"start":{"line":16,"column":11},"end":{"line":18,"column":5}},"type":"if","locations":[{"start":{"line":16,"column":11},"end":{"line":18,"column":5}},{"start":{},"end":{}}],"line":16},"4":{"loc":{"start":{"line":21,"column":8},"end":{"line":21,"column":40}},"type":"if","locations":[{"start":{"line":21,"column":8},"end":{"line":21,"column":40}},{"start":{},"end":{}}],"line":21}},"s":{"0":0,"1":0,"2":0,"3":0,"4":6,"5":2,"6":1,"7":4,"8":1,"9":6,"10":6,"11":18,"12":12,"13":6,"14":1},"f":{"0":0,"1":0,"2":6},"b":{"0":[0,0],"1":[2,4],"2":[1,1],"3":[1,3],"4":[12,6]},"_coverageSchema":"1a1c01bbd47fc00a2c39e90264f33305004495a9","hash":"40fdd72e390f131a19c397a1e6427f47250fd23d"}
}
