TN:
SF:analyzer.js
FN:6,calculateCyclomaticComplexity
FN:9,traverse
FN:49,buildCFG
FN:54,newNode
FN:63,traverse
FN:135,(anonymous_5)
FN:163,exportToDot
FN:165,(anonymous_7)
FN:166,(anonymous_8)
FNF:9
FNH:2
FNDA:2,calculateCyclomaticComplexity
FNDA:20,traverse
FNDA:0,buildCFG
FNDA:0,newNode
FNDA:0,traverse
FNDA:0,(anonymous_5)
FNDA:0,exportToDot
FNDA:0,(anonymous_7)
FNDA:0,(anonymous_8)
DA:1,1
DA:2,1
DA:3,1
DA:7,2
DA:10,20
DA:12,20
DA:14,1
DA:15,1
DA:16,1
DA:17,1
DA:21,0
DA:22,0
DA:23,0
DA:25,0
DA:26,0
DA:27,0
DA:29,0
DA:30,0
DA:31,0
DA:32,0
DA:34,2
DA:35,2
DA:37,17
DA:38,44
DA:43,2
DA:44,2
DA:50,0
DA:51,0
DA:52,0
DA:55,0
DA:56,0
DA:57,0
DA:60,0
DA:61,0
DA:64,0
DA:66,0
DA:69,0
DA:70,0
DA:72,0
DA:73,0
DA:76,0
DA:77,0
DA:80,0
DA:83,0
DA:84,0
DA:85,0
DA:88,0
DA:89,0
DA:90,0
DA:92,0
DA:95,0
DA:96,0
DA:100,0
DA:101,0
DA:103,0
DA:104,0
DA:107,0
DA:108,0
DA:111,0
DA:113,0
DA:114,0
DA:118,0
DA:121,0
DA:122,0
DA:123,0
DA:124,0
DA:127,0
DA:129,0
DA:130,0
DA:135,0
DA:136,0
DA:139,0
DA:142,0
DA:143,0
DA:144,0
DA:145,0
DA:148,0
DA:149,0
DA:154,0
DA:155,0
DA:157,0
DA:158,0
DA:160,0
DA:164,0
DA:165,0
DA:166,0
DA:167,0
DA:168,0
DA:171,1
LF:89
LH:17
BRDA:10,0,0,0
BRDA:10,0,1,20
BRDA:12,1,0,1
BRDA:12,1,1,0
BRDA:12,1,2,0
BRDA:12,1,3,0
BRDA:12,1,4,0
BRDA:12,1,5,0
BRDA:12,1,6,2
BRDA:12,1,7,17
BRDA:25,2,0,0
BRDA:25,2,1,0
BRDA:29,3,0,0
BRDA:29,3,1,0
BRDA:29,4,0,0
BRDA:29,4,1,0
BRDA:38,5,0,14
BRDA:38,5,1,30
BRDA:38,6,0,44
BRDA:38,6,1,38
BRDA:64,7,0,0
BRDA:64,7,1,0
BRDA:66,8,0,0
BRDA:66,8,1,0
BRDA:66,8,2,0
BRDA:66,8,3,0
BRDA:66,8,4,0
BRDA:89,9,0,0
BRDA:89,9,1,0
BRDA:113,10,0,0
BRDA:113,10,1,0
BRDA:129,11,0,0
BRDA:129,11,1,0
BRDA:129,12,0,0
BRDA:129,12,1,0
BRF:35
BRH:8
end_of_record
TN:
SF:examples.js
FN:1,simple
FN:5,medium
FN:13,complex
FNF:3
FNH:3
FNDA:3,simple
FNDA:3,medium
FNDA:8,complex
DA:2,3
DA:6,3
DA:7,1
DA:9,2
DA:14,8
DA:15,3
DA:16,5
DA:17,1
DA:20,8
DA:21,24
DA:24,8
DA:27,3
LF:12
LH:12
BRDA:6,0,0,1
BRDA:6,0,1,2
BRDA:14,1,0,3
BRDA:14,1,1,5
BRDA:15,2,0,2
BRDA:15,2,1,1
BRDA:16,3,0,1
BRDA:16,3,1,4
BRDA:21,4,0,16
BRDA:21,4,1,8
BRF:10
BRH:10
end_of_record
